# JRE version: OpenJDK Runtime Environment (8.0_162-b12) (build 1.8.0_162-8u162-b12-0ubuntu0.17.10.2-b12)
# Java VM: OpenJDK 64-Bit Server VM (25.162-b12 mixed mode linux-amd64 compressed oops)
Heap:
 PSYoungGen      total 309760K, used 192K [0x00000000e1900000, 0x00000000f4900000, 0x0000000100000000)
  eden space 308224K, 0% used [0x00000000e1900000,0x00000000e1900000,0x00000000f4600000)
  from space 1536K, 12% used [0x00000000f4600000,0x00000000f4630000,0x00000000f4780000)
  to   space 1536K, 0% used [0x00000000f4780000,0x00000000f4780000,0x00000000f4900000)
 ParOldGen       total 62976K, used 715K [0x00000000a4a00000, 0x00000000a8780000, 0x00000000e1900000)
  object space 62976K, 1% used [0x00000000a4a00000,0x00000000a4ab2c30,0x00000000a8780000)
 Metaspace       used 3406K, capacity 4568K, committed 4864K, reserved 1056768K
  class space    used 360K, capacity 392K, committed 512K, reserved 1048576K
GC Heap History (10 events):
Event: 0,893 GC heap after
Heap after GC invocations=6 (full 0):
 PSYoungGen      total 97280K, used 912K [0x00000000e1900000, 0x00000000e7900000, 0x0000000100000000)
  eden space 96256K, 0% used [0x00000000e1900000,0x00000000e1900000,0x00000000e7700000)
  from space 1024K, 89% used [0x00000000e7800000,0x00000000e78e4140,0x00000000e7900000)
  to   space 1024K, 0% used [0x00000000e7700000,0x00000000e7700000,0x00000000e7800000)
 ParOldGen       total 62976K, used 8K [0x00000000a4a00000, 0x00000000a8780000, 0x00000000e1900000)
  object space 62976K, 0% used [0x00000000a4a00000,0x00000000a4a02000,0x00000000a8780000)
 Metaspace       used 3385K, capacity 4568K, committed 4864K, reserved 1056768K
  class space    used 358K, capacity 392K, committed 512K, reserved 1048576K
}
Event: 1,051 GC heap before
{Heap before GC invocations=7 (full 0):
 PSYoungGen      total 97280K, used 97168K [0x00000000e1900000, 0x00000000e7900000, 0x0000000100000000)
  eden space 96256K, 100% used [0x00000000e1900000,0x00000000e7700000,0x00000000e7700000)
  from space 1024K, 89% used [0x00000000e7800000,0x00000000e78e4140,0x00000000e7900000)
  to   space 1024K, 0% used [0x00000000e7700000,0x00000000e7700000,0x00000000e7800000)
 ParOldGen       total 62976K, used 8K [0x00000000a4a00000, 0x00000000a8780000, 0x00000000e1900000)
  object space 62976K, 0% used [0x00000000a4a00000,0x00000000a4a02000,0x00000000a8780000)
 Metaspace       used 3405K, capacity 4568K, committed 4864K, reserved 1056768K
  class space    used 360K, capacity 392K, committed 512K, reserved 1048576K
Event: 1,056 GC heap after
Heap after GC invocations=7 (full 0):
 PSYoungGen      total 97280K, used 96K [0x00000000e1900000, 0x00000000ed800000, 0x0000000100000000)
  eden space 96256K, 0% used [0x00000000e1900000,0x00000000e1900000,0x00000000e7700000)
  from space 1024K, 9% used [0x00000000e7700000,0x00000000e7718000,0x00000000e7800000)
  to   space 1536K, 0% used [0x00000000ed680000,0x00000000ed680000,0x00000000ed800000)
 ParOldGen       total 62976K, used 683K [0x00000000a4a00000, 0x00000000a8780000, 0x00000000e1900000)
  object space 62976K, 1% used [0x00000000a4a00000,0x00000000a4aaac30,0x00000000a8780000)
 Metaspace       used 3405K, capacity 4568K, committed 4864K, reserved 1056768K
  class space    used 360K, capacity 392K, committed 512K, reserved 1048576K
}
Event: 1,088 GC heap before
{Heap before GC invocations=8 (full 0):
 PSYoungGen      total 97280K, used 96352K [0x00000000e1900000, 0x00000000ed800000, 0x0000000100000000)
  eden space 96256K, 100% used [0x00000000e1900000,0x00000000e7700000,0x00000000e7700000)
  from space 1024K, 9% used [0x00000000e7700000,0x00000000e7718000,0x00000000e7800000)
  to   space 1536K, 0% used [0x00000000ed680000,0x00000000ed680000,0x00000000ed800000)
 ParOldGen       total 62976K, used 683K [0x00000000a4a00000, 0x00000000a8780000, 0x00000000e1900000)
  object space 62976K, 1% used [0x00000000a4a00000,0x00000000a4aaac30,0x00000000a8780000)
 Metaspace       used 3405K, capacity 4568K, committed 4864K, reserved 1056768K
  class space    used 360K, capacity 392K, committed 512K, reserved 1048576K
Event: 1,090 GC heap after
Heap after GC invocations=8 (full 0):
 PSYoungGen      total 194048K, used 64K [0x00000000e1900000, 0x00000000ed800000, 0x0000000100000000)
  eden space 192512K, 0% used [0x00000000e1900000,0x00000000e1900000,0x00000000ed500000)
  from space 1536K, 4% used [0x00000000ed680000,0x00000000ed690000,0x00000000ed800000)
  to   space 1536K, 0% used [0x00000000ed500000,0x00000000ed500000,0x00000000ed680000)
 ParOldGen       total 62976K, used 691K [0x00000000a4a00000, 0x00000000a8780000, 0x00000000e1900000)
  object space 62976K, 1% used [0x00000000a4a00000,0x00000000a4aacc30,0x00000000a8780000)
 Metaspace       used 3405K, capacity 4568K, committed 4864K, reserved 1056768K
  class space    used 360K, capacity 392K, committed 512K, reserved 1048576K
}
Event: 1,292 GC heap before
{Heap before GC invocations=9 (full 0):
 PSYoungGen      total 194048K, used 192576K [0x00000000e1900000, 0x00000000ed800000, 0x0000000100000000)
  eden space 192512K, 100% used [0x00000000e1900000,0x00000000ed500000,0x00000000ed500000)
  from space 1536K, 4% used [0x00000000ed680000,0x00000000ed690000,0x00000000ed800000)
  to   space 1536K, 0% used [0x00000000ed500000,0x00000000ed500000,0x00000000ed680000)
 ParOldGen       total 62976K, used 691K [0x00000000a4a00000, 0x00000000a8780000, 0x00000000e1900000)
  object space 62976K, 1% used [0x00000000a4a00000,0x00000000a4aacc30,0x00000000a8780000)
 Metaspace       used 3406K, capacity 4568K, committed 4864K, reserved 1056768K
  class space    used 360K, capacity 392K, committed 512K, reserved 1048576K
Event: 1,295 GC heap after
Heap after GC invocations=9 (full 0):
 PSYoungGen      total 194048K, used 64K [0x00000000e1900000, 0x00000000f4900000, 0x0000000100000000)
  eden space 192512K, 0% used [0x00000000e1900000,0x00000000e1900000,0x00000000ed500000)
  from space 1536K, 4% used [0x00000000ed500000,0x00000000ed510000,0x00000000ed680000)
  to   space 1536K, 0% used [0x00000000f4780000,0x00000000f4780000,0x00000000f4900000)
 ParOldGen       total 62976K, used 699K [0x00000000a4a00000, 0x00000000a8780000, 0x00000000e1900000)
  object space 62976K, 1% used [0x00000000a4a00000,0x00000000a4aaec30,0x00000000a8780000)
 Metaspace       used 3406K, capacity 4568K, committed 4864K, reserved 1056768K
  class space    used 360K, capacity 392K, committed 512K, reserved 1048576K
}
Event: 1,363 GC heap before
{Heap before GC invocations=10 (full 0):
 PSYoungGen      total 194048K, used 192576K [0x00000000e1900000, 0x00000000f4900000, 0x0000000100000000)
  eden space 192512K, 100% used [0x00000000e1900000,0x00000000ed500000,0x00000000ed500000)
  from space 1536K, 4% used [0x00000000ed500000,0x00000000ed510000,0x00000000ed680000)
  to   space 1536K, 0% used [0x00000000f4780000,0x00000000f4780000,0x00000000f4900000)
 ParOldGen       total 62976K, used 699K [0x00000000a4a00000, 0x00000000a8780000, 0x00000000e1900000)
  object space 62976K, 1% used [0x00000000a4a00000,0x00000000a4aaec30,0x00000000a8780000)
 Metaspace       used 3406K, capacity 4568K, committed 4864K, reserved 1056768K
  class space    used 360K, capacity 392K, committed 512K, reserved 1048576K
Event: 1,366 GC heap after
Heap after GC invocations=10 (full 0):
 PSYoungGen      total 309760K, used 32K [0x00000000e1900000, 0x00000000f4900000, 0x0000000100000000)
  eden space 308224K, 0% used [0x00000000e1900000,0x00000000e1900000,0x00000000f4600000)
  from space 1536K, 2% used [0x00000000f4780000,0x00000000f4788000,0x00000000f4900000)
  to   space 1536K, 0% used [0x00000000f4600000,0x00000000f4600000,0x00000000f4780000)
 ParOldGen       total 62976K, used 707K [0x00000000a4a00000, 0x00000000a8780000, 0x00000000e1900000)
  object space 62976K, 1% used [0x00000000a4a00000,0x00000000a4ab0c30,0x00000000a8780000)
 Metaspace       used 3406K, capacity 4568K, committed 4864K, reserved 1056768K
  class space    used 360K, capacity 392K, committed 512K, reserved 1048576K
}
Event: 1,776 GC heap before
{Heap before GC invocations=11 (full 0):
 PSYoungGen      total 309760K, used 308256K [0x00000000e1900000, 0x00000000f4900000, 0x0000000100000000)
  eden space 308224K, 100% used [0x00000000e1900000,0x00000000f4600000,0x00000000f4600000)
  from space 1536K, 2% used [0x00000000f4780000,0x00000000f4788000,0x00000000f4900000)
  to   space 1536K, 0% used [0x00000000f4600000,0x00000000f4600000,0x00000000f4780000)
 ParOldGen       total 62976K, used 707K [0x00000000a4a00000, 0x00000000a8780000, 0x00000000e1900000)
  object space 62976K, 1% used [0x00000000a4a00000,0x00000000a4ab0c30,0x00000000a8780000)
 Metaspace       used 3406K, capacity 4568K, committed 4864K, reserved 1056768K
  class space    used 360K, capacity 392K, committed 512K, reserved 1048576K

